C:\USERS\LONNI\DOCUMENTS\VISUAL STUDIO 2012\PROJECTS\PROJET1\PROJET1\DEBUG\IPENDPOINTNAME.OBJ
C:\USERS\LONNI\DOCUMENTS\VISUAL STUDIO 2012\PROJECTS\PROJET1\PROJET1\DEBUG\OSCOUTBOUNDPACKETSTREAM.OBJ
C:\USERS\LONNI\DOCUMENTS\VISUAL STUDIO 2012\PROJECTS\PROJET1\PROJET1\DEBUG\OSCPRINTRECEIVEDELEMENTS.OBJ
C:\USERS\LONNI\DOCUMENTS\VISUAL STUDIO 2012\PROJECTS\PROJET1\PROJET1\DEBUG\OSCRECEIVEDELEMENTS.OBJ
C:\USERS\LONNI\DOCUMENTS\VISUAL STUDIO 2012\PROJECTS\PROJET1\PROJET1\DEBUG\OSCTYPES.OBJ
C:\USERS\LONNI\DOCUMENTS\VISUAL STUDIO 2012\PROJECTS\PROJET1\PROJET1\DEBUG\SOURCE.OBJ
C:\USERS\LONNI\DOCUMENTS\VISUAL STUDIO 2012\PROJECTS\PROJET1\PROJET1\DEBUG\TUIOCLIENT.OBJ
C:\USERS\LONNI\DOCUMENTS\VISUAL STUDIO 2012\PROJECTS\PROJET1\PROJET1\DEBUG\TUIOSERVER.OBJ
C:\USERS\LONNI\DOCUMENTS\VISUAL STUDIO 2012\PROJECTS\PROJET1\PROJET1\DEBUG\TUIOTIME.OBJ
C:\USERS\LONNI\DOCUMENTS\VISUAL STUDIO 2012\PROJECTS\PROJET1\PROJET1\DEBUG\VC110.PDB
C:\USERS\LONNI\DOCUMENTS\VISUAL STUDIO 2012\PROJECTS\PROJET1\PROJET1\DEBUG\NETWORKINGUTILS.OBJ
c:\Users\Lonni\documents\visual studio 2012\Projects\Projet1\Projet1\Debug\IpEndpointName.obj
c:\Users\Lonni\documents\visual studio 2012\Projects\Projet1\Projet1\Debug\NetworkingUtils.obj
c:\Users\Lonni\documents\visual studio 2012\Projects\Projet1\Projet1\Debug\OscOutboundPacketStream.obj
c:\Users\Lonni\documents\visual studio 2012\Projects\Projet1\Projet1\Debug\OscPrintReceivedElements.obj
c:\Users\Lonni\documents\visual studio 2012\Projects\Projet1\Projet1\Debug\OscReceivedElements.obj
c:\Users\Lonni\documents\visual studio 2012\Projects\Projet1\Projet1\Debug\OscTypes.obj
c:\Users\Lonni\documents\visual studio 2012\Projects\Projet1\Projet1\Debug\Source.obj
c:\Users\Lonni\documents\visual studio 2012\Projects\Projet1\Projet1\Debug\TuioClient.obj
c:\Users\Lonni\documents\visual studio 2012\Projects\Projet1\Projet1\Debug\TuioServer.obj
c:\Users\Lonni\documents\visual studio 2012\Projects\Projet1\Projet1\Debug\TuioTime.obj
c:\Users\Lonni\documents\visual studio 2012\Projects\Projet1\Projet1\Debug\cl.command.1.tlog
c:\Users\Lonni\documents\visual studio 2012\Projects\Projet1\Projet1\Debug\CL.read.1.tlog
c:\Users\Lonni\documents\visual studio 2012\Projects\Projet1\Projet1\Debug\CL.write.1.tlog
c:\Users\Lonni\documents\visual studio 2012\Projects\Projet1\Projet1\Debug\vc110.idb
c:\Users\Lonni\documents\visual studio 2012\Projects\Projet1\Projet1\Debug\vc110.pdb
