C:\USERS\LONNI\DESKTOP\LASTVERSION\TEST\PROJET1\RELEASE\TUIOTIME.OBJ
C:\USERS\LONNI\DESKTOP\LASTVERSION\TEST\PROJET1\RELEASE\TUIOSERVER.OBJ
C:\USERS\LONNI\DESKTOP\LASTVERSION\TEST\PROJET1\RELEASE\TUIOCLIENT.OBJ
C:\USERS\LONNI\DESKTOP\LASTVERSION\TEST\PROJET1\RELEASE\TOUCHRENDERER.OBJ
C:\USERS\LONNI\DESKTOP\LASTVERSION\TEST\PROJET1\RELEASE\TOUCHPOINT.OBJ
C:\USERS\LONNI\DESKTOP\LASTVERSION\TEST\PROJET1\RELEASE\TOUCHLISTENER.OBJ
C:\USERS\LONNI\DESKTOP\LASTVERSION\TEST\PROJET1\RELEASE\SOURCE.OBJ
C:\USERS\LONNI\DESKTOP\LASTVERSION\TEST\PROJET1\RELEASE\TCP_SERVER.OBJ
C:\USERS\LONNI\DESKTOP\LASTVERSION\TEST\PROJET1\RELEASE\OSCTYPES.OBJ
C:\USERS\LONNI\DESKTOP\LASTVERSION\TEST\PROJET1\RELEASE\OSCRECEIVEDELEMENTS.OBJ
C:\USERS\LONNI\DESKTOP\LASTVERSION\TEST\PROJET1\RELEASE\OSCPRINTRECEIVEDELEMENTS.OBJ
C:\USERS\LONNI\DESKTOP\LASTVERSION\TEST\PROJET1\RELEASE\OSCOUTBOUNDPACKETSTREAM.OBJ
C:\USERS\LONNI\DESKTOP\LASTVERSION\TEST\PROJET1\RELEASE\UDPSOCKET.OBJ
C:\USERS\LONNI\DESKTOP\LASTVERSION\TEST\PROJET1\RELEASE\NETWORKINGUTILS.OBJ
C:\USERS\LONNI\DESKTOP\LASTVERSION\TEST\PROJET1\RELEASE\IPENDPOINTNAME.OBJ
C:\USERS\LONNI\DESKTOP\LASTVERSION\TEST\PROJET1\RELEASE\MYINTERACTORSTYLE.OBJ
C:\USERS\LONNI\DESKTOP\LASTVERSION\TEST\PROJET1\RELEASE\MAIN.OBJ
C:\USERS\LONNI\DESKTOP\LASTVERSION\TEST\PROJET1\RELEASE\DRAWING.OBJ
C:\USERS\LONNI\DESKTOP\LASTVERSION\TEST\PROJET1\RELEASE\VC110.PDB
C:\USERS\LONNI\DESKTOP\LASTVERSION\TEST\RELEASE\PROJET1.EXE
C:\USERS\LONNI\DESKTOP\LASTVERSION\TEST\RELEASE\PROJET1.PDB
C:\Users\Lonni\Desktop\lastversion\test\Projet1\Release\Drawing.obj
C:\Users\Lonni\Desktop\lastversion\test\Projet1\Release\IpEndpointName.obj
C:\Users\Lonni\Desktop\lastversion\test\Projet1\Release\Main.obj
C:\Users\Lonni\Desktop\lastversion\test\Projet1\Release\myInteractorStyle.obj
C:\Users\Lonni\Desktop\lastversion\test\Projet1\Release\NetworkingUtils.obj
C:\Users\Lonni\Desktop\lastversion\test\Projet1\Release\OscOutboundPacketStream.obj
C:\Users\Lonni\Desktop\lastversion\test\Projet1\Release\OscPrintReceivedElements.obj
C:\Users\Lonni\Desktop\lastversion\test\Projet1\Release\OscReceivedElements.obj
C:\Users\Lonni\Desktop\lastversion\test\Projet1\Release\OscTypes.obj
C:\Users\Lonni\Desktop\lastversion\test\Projet1\Release\Source.obj
C:\Users\Lonni\Desktop\lastversion\test\Projet1\Release\tcp_server.obj
C:\Users\Lonni\Desktop\lastversion\test\Projet1\Release\TouchListener.obj
C:\Users\Lonni\Desktop\lastversion\test\Projet1\Release\TouchPoint.obj
C:\Users\Lonni\Desktop\lastversion\test\Projet1\Release\TouchRenderer.obj
C:\Users\Lonni\Desktop\lastversion\test\Projet1\Release\TuioClient.obj
C:\Users\Lonni\Desktop\lastversion\test\Projet1\Release\TuioServer.obj
C:\Users\Lonni\Desktop\lastversion\test\Projet1\Release\TuioTime.obj
C:\Users\Lonni\Desktop\lastversion\test\Projet1\Release\UdpSocket.obj
C:\Users\Lonni\Desktop\lastversion\test\Projet1\Release\cl.command.1.tlog
C:\Users\Lonni\Desktop\lastversion\test\Projet1\Release\CL.read.1.tlog
C:\Users\Lonni\Desktop\lastversion\test\Projet1\Release\CL.write.1.tlog
C:\Users\Lonni\Desktop\lastversion\test\Projet1\Release\link-cvtres.read.1.tlog
C:\Users\Lonni\Desktop\lastversion\test\Projet1\Release\link-cvtres.write.1.tlog
C:\Users\Lonni\Desktop\lastversion\test\Projet1\Release\link-rc.read.1.tlog
C:\Users\Lonni\Desktop\lastversion\test\Projet1\Release\link-rc.write.1.tlog
C:\Users\Lonni\Desktop\lastversion\test\Projet1\Release\link.command.1.tlog
C:\Users\Lonni\Desktop\lastversion\test\Projet1\Release\link.read.1.tlog
C:\Users\Lonni\Desktop\lastversion\test\Projet1\Release\link.read.2.tlog
C:\Users\Lonni\Desktop\lastversion\test\Projet1\Release\link.write.1.tlog
C:\Users\Lonni\Desktop\lastversion\test\Projet1\Release\vc110.pdb
C:\Users\Lonni\Desktop\lastversion\test\Release\Projet1.pdb
